# JRE version: Java(TM) SE Runtime Environment 18.9 (11.0.19+9) (build 11.0.19+9-LTS-224)
# Java VM: Java HotSpot(TM) 64-Bit Server VM 18.9 (11.0.19+9-LTS-224, mixed mode, tiered, compressed oops, g1 gc, windows-amd64)
Heap:
 garbage-first heap   total 260096K, used 211124K [0x0000000080000000, 0x0000000100000000)
  region size 1024K, 85 young (87040K), 7 survivors (7168K)
 Metaspace       used 105122K, capacity 108347K, committed 108536K, reserved 610304K
  class space    used 14021K, capacity 15321K, committed 15360K, reserved 516096K
GC Heap History (10 events):
Event: 16.811 GC heap before
{Heap before GC invocations=14 (full 0):
 garbage-first heap   total 260096K, used 206838K [0x0000000080000000, 0x0000000100000000)
  region size 1024K, 130 young (133120K), 10 survivors (10240K)
 Metaspace       used 91961K, capacity 94822K, committed 94968K, reserved 598016K
  class space    used 12353K, capacity 13483K, committed 13568K, reserved 516096K
}
Event: 16.822 GC heap after
{Heap after GC invocations=15 (full 0):
 garbage-first heap   total 260096K, used 99096K [0x0000000080000000, 0x0000000100000000)
  region size 1024K, 17 young (17408K), 17 survivors (17408K)
 Metaspace       used 91961K, capacity 94822K, committed 94968K, reserved 598016K
  class space    used 12353K, capacity 13483K, committed 13568K, reserved 516096K
}
Event: 17.537 GC heap before
{Heap before GC invocations=15 (full 0):
 garbage-first heap   total 260096K, used 204568K [0x0000000080000000, 0x0000000100000000)
  region size 1024K, 116 young (118784K), 17 survivors (17408K)
 Metaspace       used 97294K, capacity 100306K, committed 100468K, reserved 604160K
  class space    used 13094K, capacity 14275K, committed 14336K, reserved 516096K
}
Event: 17.549 GC heap after
{Heap after GC invocations=16 (full 0):
 garbage-first heap   total 260096K, used 117872K [0x0000000080000000, 0x0000000100000000)
  region size 1024K, 13 young (13312K), 13 survivors (13312K)
 Metaspace       used 97294K, capacity 100306K, committed 100468K, reserved 604160K
  class space    used 13094K, capacity 14275K, committed 14336K, reserved 516096K
}
Event: 17.561 GC heap before
{Heap before GC invocations=16 (full 0):
 garbage-first heap   total 260096K, used 117872K [0x0000000080000000, 0x0000000100000000)
  region size 1024K, 14 young (14336K), 13 survivors (13312K)
 Metaspace       used 97350K, capacity 100318K, committed 100468K, reserved 604160K
  class space    used 13101K, capacity 14277K, committed 14336K, reserved 516096K
}
Event: 17.567 GC heap after
{Heap after GC invocations=17 (full 0):
 garbage-first heap   total 260096K, used 120354K [0x0000000080000000, 0x0000000100000000)
  region size 1024K, 2 young (2048K), 2 survivors (2048K)
 Metaspace       used 97350K, capacity 100318K, committed 100468K, reserved 604160K
  class space    used 13101K, capacity 14277K, committed 14336K, reserved 516096K
}
Event: 18.346 GC heap before
{Heap before GC invocations=18 (full 0):
 garbage-first heap   total 260096K, used 208418K [0x0000000080000000, 0x0000000100000000)
  region size 1024K, 88 young (90112K), 2 survivors (2048K)
 Metaspace       used 101803K, capacity 104812K, committed 104952K, reserved 606208K
  class space    used 13593K, capacity 14785K, committed 14848K, reserved 516096K
}
Event: 18.355 GC heap after
{Heap after GC invocations=19 (full 0):
 garbage-first heap   total 260096K, used 127353K [0x0000000080000000, 0x0000000100000000)
  region size 1024K, 9 young (9216K), 9 survivors (9216K)
 Metaspace       used 101803K, capacity 104812K, committed 104952K, reserved 606208K
  class space    used 13593K, capacity 14785K, committed 14848K, reserved 516096K
}
Event: 18.799 GC heap before
{Heap before GC invocations=20 (full 0):
 garbage-first heap   total 260096K, used 208249K [0x0000000080000000, 0x0000000100000000)
  region size 1024K, 89 young (91136K), 9 survivors (9216K)
 Metaspace       used 104364K, capacity 107642K, committed 107768K, reserved 610304K
  class space    used 13940K, capacity 15250K, committed 15360K, reserved 516096K
}
Event: 18.809 GC heap after
{Heap after GC invocations=21 (full 0):
 garbage-first heap   total 260096K, used 133300K [0x0000000080000000, 0x0000000100000000)
  region size 1024K, 7 young (7168K), 7 survivors (7168K)
 Metaspace       used 104364K, capacity 107642K, committed 107768K, reserved 610304K
  class space    used 13940K, capacity 15250K, committed 15360K, reserved 516096K
}

