# JRE version: Java(TM) SE Runtime Environment 18.9 (11.0.19+9) (build 11.0.19+9-LTS-224)
# Java VM: Java HotSpot(TM) 64-Bit Server VM 18.9 (11.0.19+9-LTS-224, mixed mode, tiered, compressed oops, g1 gc, windows-amd64)
Heap:
 garbage-first heap   total 312320K, used 76335K [0x0000000702400000, 0x0000000800000000)
  region size 1024K, 52 young (53248K), 9 survivors (9216K)
 Metaspace       used 49802K, capacity 50303K, committed 50512K, reserved 1093632K
  class space    used 5799K, capacity 6035K, committed 6144K, reserved 1048576K
GC Heap History (10 events):
Event: 0.823 GC heap before
{Heap before GC invocations=1 (full 0):
 garbage-first heap   total 260096K, used 43790K [0x0000000702400000, 0x0000000800000000)
  region size 1024K, 41 young (41984K), 3 survivors (3072K)
 Metaspace       used 20939K, capacity 21150K, committed 21296K, reserved 1069056K
  class space    used 2258K, capacity 2377K, committed 2432K, reserved 1048576K
}
Event: 0.830 GC heap after
{Heap after GC invocations=2 (full 0):
 garbage-first heap   total 260096K, used 9681K [0x0000000702400000, 0x0000000800000000)
  region size 1024K, 7 young (7168K), 7 survivors (7168K)
 Metaspace       used 20939K, capacity 21150K, committed 21296K, reserved 1069056K
  class space    used 2258K, capacity 2377K, committed 2432K, reserved 1048576K
}
Event: 1.583 GC heap before
{Heap before GC invocations=3 (full 0):
 garbage-first heap   total 260096K, used 67025K [0x0000000702400000, 0x0000000800000000)
  region size 1024K, 58 young (59392K), 7 survivors (7168K)
 Metaspace       used 32836K, capacity 33238K, committed 33456K, reserved 1079296K
  class space    used 4133K, capacity 4310K, committed 4352K, reserved 1048576K
}
Event: 1.591 GC heap after
{Heap after GC invocations=4 (full 0):
 garbage-first heap   total 260096K, used 21096K [0x0000000702400000, 0x0000000800000000)
  region size 1024K, 8 young (8192K), 8 survivors (8192K)
 Metaspace       used 32836K, capacity 33238K, committed 33456K, reserved 1079296K
  class space    used 4133K, capacity 4310K, committed 4352K, reserved 1048576K
}
Event: 1.635 GC heap before
{Heap before GC invocations=4 (full 0):
 garbage-first heap   total 260096K, used 25192K [0x0000000702400000, 0x0000000800000000)
  region size 1024K, 12 young (12288K), 8 survivors (8192K)
 Metaspace       used 33804K, capacity 34230K, committed 34608K, reserved 1079296K
  class space    used 4227K, capacity 4406K, committed 4480K, reserved 1048576K
}
Event: 1.640 GC heap after
{Heap after GC invocations=5 (full 0):
 garbage-first heap   total 260096K, used 23027K [0x0000000702400000, 0x0000000800000000)
  region size 1024K, 2 young (2048K), 2 survivors (2048K)
 Metaspace       used 33804K, capacity 34230K, committed 34608K, reserved 1079296K
  class space    used 4227K, capacity 4406K, committed 4480K, reserved 1048576K
}
Event: 1.712 GC heap before
{Heap before GC invocations=5 (full 0):
 garbage-first heap   total 260096K, used 31219K [0x0000000702400000, 0x0000000800000000)
  region size 1024K, 11 young (11264K), 2 survivors (2048K)
 Metaspace       used 35422K, capacity 35777K, committed 35920K, reserved 1081344K
  class space    used 4413K, capacity 4602K, committed 4608K, reserved 1048576K
}
Event: 1.714 GC heap after
{Heap after GC invocations=6 (full 0):
 garbage-first heap   total 312320K, used 20932K [0x0000000702400000, 0x0000000800000000)
  region size 1024K, 2 young (2048K), 2 survivors (2048K)
 Metaspace       used 35422K, capacity 35777K, committed 35920K, reserved 1081344K
  class space    used 4413K, capacity 4602K, committed 4608K, reserved 1048576K
}
Event: 2.692 GC heap before
{Heap before GC invocations=7 (full 0):
 garbage-first heap   total 312320K, used 93636K [0x0000000702400000, 0x0000000800000000)
  region size 1024K, 71 young (72704K), 2 survivors (2048K)
 Metaspace       used 48265K, capacity 48822K, committed 49104K, reserved 1093632K
  class space    used 5695K, capacity 5930K, committed 6016K, reserved 1048576K
}
Event: 2.700 GC heap after
{Heap after GC invocations=8 (full 0):
 garbage-first heap   total 312320K, used 32303K [0x0000000702400000, 0x0000000800000000)
  region size 1024K, 9 young (9216K), 9 survivors (9216K)
 Metaspace       used 48265K, capacity 48822K, committed 49104K, reserved 1093632K
  class space    used 5695K, capacity 5930K, committed 6016K, reserved 1048576K
}

