# JRE version: Java(TM) SE Runtime Environment 18.9 (11.0.19+9) (build 11.0.19+9-LTS-224)
# Java VM: Java HotSpot(TM) 64-Bit Server VM 18.9 (11.0.19+9-LTS-224, mixed mode, tiered, compressed oops, g1 gc, windows-amd64)
Heap:
 garbage-first heap   total 312320K, used 74752K [0x0000000702400000, 0x0000000800000000)
  region size 1024K, 52 young (53248K), 8 survivors (8192K)
 Metaspace       used 51631K, capacity 52170K, committed 52304K, reserved 1095680K
  class space    used 6058K, capacity 6300K, committed 6400K, reserved 1048576K
GC Heap History (10 events):
Event: 0.374 GC heap before
{Heap before GC invocations=0 (full 0):
 garbage-first heap   total 260096K, used 27648K [0x0000000702400000, 0x0000000800000000)
  region size 1024K, 24 young (24576K), 0 survivors (0K)
 Metaspace       used 12058K, capacity 12214K, committed 12544K, reserved 1060864K
  class space    used 1141K, capacity 1175K, committed 1280K, reserved 1048576K
}
Event: 0.377 GC heap after
{Heap after GC invocations=1 (full 0):
 garbage-first heap   total 260096K, used 6092K [0x0000000702400000, 0x0000000800000000)
  region size 1024K, 3 young (3072K), 3 survivors (3072K)
 Metaspace       used 12058K, capacity 12214K, committed 12544K, reserved 1060864K
  class space    used 1141K, capacity 1175K, committed 1280K, reserved 1048576K
}
Event: 0.840 GC heap before
{Heap before GC invocations=1 (full 0):
 garbage-first heap   total 260096K, used 43980K [0x0000000702400000, 0x0000000800000000)
  region size 1024K, 41 young (41984K), 3 survivors (3072K)
 Metaspace       used 20927K, capacity 21118K, committed 21296K, reserved 1069056K
  class space    used 2250K, capacity 2345K, committed 2432K, reserved 1048576K
}
Event: 0.848 GC heap after
{Heap after GC invocations=2 (full 0):
 garbage-first heap   total 260096K, used 9787K [0x0000000702400000, 0x0000000800000000)
  region size 1024K, 7 young (7168K), 7 survivors (7168K)
 Metaspace       used 20927K, capacity 21118K, committed 21296K, reserved 1069056K
  class space    used 2250K, capacity 2345K, committed 2432K, reserved 1048576K
}
Event: 1.599 GC heap before
{Heap before GC invocations=3 (full 0):
 garbage-first heap   total 260096K, used 67131K [0x0000000702400000, 0x0000000800000000)
  region size 1024K, 58 young (59392K), 7 survivors (7168K)
 Metaspace       used 32957K, capacity 33366K, committed 33712K, reserved 1079296K
  class space    used 4138K, capacity 4310K, committed 4352K, reserved 1048576K
}
Event: 1.606 GC heap after
{Heap after GC invocations=4 (full 0):
 garbage-first heap   total 260096K, used 20855K [0x0000000702400000, 0x0000000800000000)
  region size 1024K, 8 young (8192K), 8 survivors (8192K)
 Metaspace       used 32957K, capacity 33366K, committed 33712K, reserved 1079296K
  class space    used 4138K, capacity 4310K, committed 4352K, reserved 1048576K
}
Event: 1.719 GC heap before
{Heap before GC invocations=4 (full 0):
 garbage-first heap   total 260096K, used 32119K [0x0000000702400000, 0x0000000800000000)
  region size 1024K, 21 young (21504K), 8 survivors (8192K)
 Metaspace       used 35391K, capacity 35745K, committed 35920K, reserved 1081344K
  class space    used 4399K, capacity 4570K, committed 4608K, reserved 1048576K
}
Event: 1.725 GC heap after
{Heap after GC invocations=5 (full 0):
 garbage-first heap   total 260096K, used 20716K [0x0000000702400000, 0x0000000800000000)
  region size 1024K, 2 young (2048K), 2 survivors (2048K)
 Metaspace       used 35391K, capacity 35745K, committed 35920K, reserved 1081344K
  class space    used 4399K, capacity 4570K, committed 4608K, reserved 1048576K
}
Event: 2.594 GC heap before
{Heap before GC invocations=6 (full 0):
 garbage-first heap   total 260096K, used 84204K [0x0000000702400000, 0x0000000800000000)
  region size 1024K, 62 young (63488K), 2 survivors (2048K)
 Metaspace       used 47407K, capacity 47884K, committed 47952K, reserved 1091584K
  class space    used 5612K, capacity 5833K, committed 5888K, reserved 1048576K
}
Event: 2.600 GC heap after
{Heap after GC invocations=7 (full 0):
 garbage-first heap   total 312320K, used 29696K [0x0000000702400000, 0x0000000800000000)
  region size 1024K, 8 young (8192K), 8 survivors (8192K)
 Metaspace       used 47407K, capacity 47884K, committed 47952K, reserved 1091584K
  class space    used 5612K, capacity 5833K, committed 5888K, reserved 1048576K
}

