# JRE version: Java(TM) SE Runtime Environment 18.9 (11.0.19+9) (build 11.0.19+9-LTS-224)
# Java VM: Java HotSpot(TM) 64-Bit Server VM 18.9 (11.0.19+9-LTS-224, mixed mode, tiered, compressed oops, g1 gc, windows-amd64)
Heap:
 garbage-first heap   total 540672K, used 276609K [0x0000000080000000, 0x0000000100000000)
  region size 1024K, 6 young (6144K), 6 survivors (6144K)
 Metaspace       used 190633K, capacity 196749K, committed 197156K, reserved 686080K
  class space    used 24818K, capacity 27130K, committed 27264K, reserved 516096K
GC Heap History (10 events):
Event: 1410.880 GC heap after
{Heap after GC invocations=112 (full 0):
 garbage-first heap   total 312320K, used 266300K [0x0000000080000000, 0x0000000100000000)
  region size 1024K, 2 young (2048K), 2 survivors (2048K)
 Metaspace       used 189947K, capacity 196054K, committed 196644K, reserved 686080K
  class space    used 24757K, capacity 27059K, committed 27264K, reserved 516096K
}
Event: 1410.948 GC heap before
{Heap before GC invocations=112 (full 0):
 garbage-first heap   total 312320K, used 279612K [0x0000000080000000, 0x0000000100000000)
  region size 1024K, 15 young (15360K), 2 survivors (2048K)
 Metaspace       used 189962K, capacity 196054K, committed 196644K, reserved 686080K
  class space    used 24757K, capacity 27059K, committed 27264K, reserved 516096K
}
Event: 1410.951 GC heap after
{Heap after GC invocations=113 (full 0):
 garbage-first heap   total 378880K, used 266913K [0x0000000080000000, 0x0000000100000000)
  region size 1024K, 1 young (1024K), 1 survivors (1024K)
 Metaspace       used 189962K, capacity 196054K, committed 196644K, reserved 686080K
  class space    used 24757K, capacity 27059K, committed 27264K, reserved 516096K
}
Event: 1411.135 GC heap before
{Heap before GC invocations=114 (full 0):
 garbage-first heap   total 378880K, used 307873K [0x0000000080000000, 0x0000000100000000)
  region size 1024K, 37 young (37888K), 1 survivors (1024K)
 Metaspace       used 190217K, capacity 196295K, committed 196644K, reserved 686080K
  class space    used 24779K, capacity 27095K, committed 27264K, reserved 516096K
}
Event: 1411.139 GC heap after
{Heap after GC invocations=115 (full 0):
 garbage-first heap   total 378880K, used 268904K [0x0000000080000000, 0x0000000100000000)
  region size 1024K, 3 young (3072K), 3 survivors (3072K)
 Metaspace       used 190217K, capacity 196295K, committed 196644K, reserved 686080K
  class space    used 24779K, capacity 27095K, committed 27264K, reserved 516096K
}
Event: 1411.177 GC heap before
{Heap before GC invocations=115 (full 0):
 garbage-first heap   total 378880K, used 283240K [0x0000000080000000, 0x0000000100000000)
  region size 1024K, 18 young (18432K), 3 survivors (3072K)
 Metaspace       used 190463K, capacity 196580K, committed 196900K, reserved 686080K
  class space    used 24812K, capacity 27123K, committed 27264K, reserved 516096K
}
Event: 1411.183 GC heap after
{Heap after GC invocations=116 (full 0):
 garbage-first heap   total 378880K, used 261230K [0x0000000080000000, 0x0000000100000000)
  region size 1024K, 1 young (1024K), 1 survivors (1024K)
 Metaspace       used 190463K, capacity 196580K, committed 196900K, reserved 686080K
  class space    used 24812K, capacity 27123K, committed 27264K, reserved 516096K
}
Event: 1411.234 GC heap before
{Heap before GC invocations=116 (full 0):
 garbage-first heap   total 378880K, used 303214K [0x0000000080000000, 0x0000000100000000)
  region size 1024K, 43 young (44032K), 1 survivors (1024K)
 Metaspace       used 190558K, capacity 196674K, committed 196900K, reserved 686080K
  class space    used 24817K, capacity 27130K, committed 27264K, reserved 516096K
}
Event: 1411.242 GC heap after
{Heap after GC invocations=117 (full 0):
 garbage-first heap   total 378880K, used 271076K [0x0000000080000000, 0x0000000100000000)
  region size 1024K, 6 young (6144K), 6 survivors (6144K)
 Metaspace       used 190558K, capacity 196674K, committed 196900K, reserved 686080K
  class space    used 24817K, capacity 27130K, committed 27264K, reserved 516096K
}
Event: 1411.318 GC heap before
{Heap before GC invocations=117 (full 0):
 garbage-first heap   total 378880K, used 308964K [0x0000000080000000, 0x0000000100000000)
  region size 1024K, 44 young (45056K), 6 survivors (6144K)
 Metaspace       used 190633K, capacity 196749K, committed 197156K, reserved 686080K
  class space    used 24818K, capacity 27130K, committed 27264K, reserved 516096K
}

